Removed Member From Class: ClassName=Display Member=C?
Removed Member From Class: ClassName=Display Member=R?
Removed Member From Class: ClassName=Display Member=U?
Change Component Designator: OldDesignator=BT1 NewDesignator=BT2
Change Component Designator: OldDesignator=BT2 NewDesignator=BT1
Change Component Designator: OldDesignator=C? NewDesignator=C1
Change Component Designator: OldDesignator=C? NewDesignator=C2
Change Component Designator: OldDesignator=C? NewDesignator=C3
Change Component Designator: OldDesignator=C? NewDesignator=C4
Change Component Designator: OldDesignator=C? NewDesignator=C5
Change Component Designator: OldDesignator=C? NewDesignator=C6
Change Component Designator: OldDesignator=D? NewDesignator=D1
Change Component Designator: OldDesignator=H3 NewDesignator=H2
Change Component Designator: OldDesignator=JP2 NewDesignator=JP4
Change Component Designator: OldDesignator=JP3 NewDesignator=JP5
Change Component Designator: OldDesignator=JP4 NewDesignator=JP2
Change Component Designator: OldDesignator=JP5 NewDesignator=JP3
Change Component Designator: OldDesignator=R? NewDesignator=R3
Change Component Designator: OldDesignator=R? NewDesignator=R5
Change Component Designator: OldDesignator=U? NewDesignator=U1
Change Component Designator: OldDesignator=U? NewDesignator=U2
Change Component Designator: OldDesignator=U? NewDesignator=U3
Added Pin To Net: NetName=+3.3 Pin=U3-J1_1
Added Pin To Net: NetName=+3.3 Pin=U3-J1_2
Added Pin To Net: NetName=RX Pin=U3-J1_10
Added Pin To Net: NetName=TX Pin=U3-J1_11
Added Pin To Net: NetName=FB Pin=U3-J1_21
Added Pin To Net: NetName=GND Pin=U3-J1_22
Added Pin To Net: NetName=GND Pin=U3-J3_1
Added Pin To Net: NetName=SCK_2 Pin=U3-J3_6
Added Pin To Net: NetName=SW_2 Pin=U3-J3_7
Added Pin To Net: NetName=SD_2 Pin=U3-J3_8
Added Pin To Net: NetName=GND Pin=U3-J3_21
Added Pin To Net: NetName=GND Pin=U3-J3_22
Change Net Name : Old Net Name=NetC?_1 New Net Name=NetC5_1
Change Net Name : Old Net Name=NetD?_2 New Net Name=NetD1_2
Change Net Name : Old Net Name=NetR?_1 New Net Name=NetR3_1
Added Member To Class: ClassName=Display Member=Component C1 470uF
Added Member To Class: ClassName=Display Member=Component C2 102
Added Member To Class: ClassName=ESP32S3 Member=Component C3 220uF
Added Member To Class: ClassName=ESP32S3 Member=Component C5 680uF
Added Member To Class: ClassName=ESP32S3 Member=Component C6 220uF
Added Member To Class: ClassName=Display Member=Component R3 47k
Added Member To Class: ClassName=Display Member=Component U1 MAX7219EWG
Added Member To Class: ClassName=ESP32S3 Member=Component U2 WeAct-ESP32-S3-A
Added Room: Name=Display
Added Room: Name=ESP32S3
